[INFO] Scanning for projects...
[INFO] 
[INFO] -------------< org.solace.scholar_ai:notification_service >-------------
[INFO] Building notification_service 0.0.1-SNAPSHOT
[INFO]   from pom.xml
[INFO] --------------------------------[ jar ]---------------------------------
[INFO] 
[INFO] >>> spring-boot:3.5.4:run (default-cli) > test-compile @ notification_service >>>
[INFO] 
[INFO] --- git-commit-id:9.0.2:revision (default) @ notification_service ---
[INFO] dotGitDirectory 'C:\Code\JavaFestMain\Microservices\notification_service\.git'
[INFO] Collected git.branch with value main
[INFO] Collected git.commit.id.abbrev with value dbb1b7b
[INFO] Collected git.commit.user.name with value Legend-2727
[INFO] Collected git.commit.message.full with value Enhanced Maven detection: fallback from mvn to ./mvnw

- Updated check_maven() to first try system mvn, then fallback to ./mvnw
- Added MAVEN_CMD variable to track which Maven command to use
- Updated all Maven command calls to use detected Maven command
- Improved error messages and feedback for Maven detection
[INFO] including property 'git.commit.user.name' in results
[INFO] including property 'git.commit.id.abbrev' in results
[INFO] including property 'git.branch' in results
[INFO] including property 'git.commit.message.full' in results
[INFO] Reading existing properties file [C:\Code\JavaFestMain\Microservices\notification_service\target\classes\git.properties] (for project notification_service)...
[INFO] Properties file [C:\Code\JavaFestMain\Microservices\notification_service\target\classes\git.properties] is up-to-date (for module notification_service)...
[INFO] 
[INFO] --- resources:3.3.1:resources (default-resources) @ notification_service ---
[INFO] Copying 4 resources from src\main\resources to target\classes
[INFO] Copying 4 resources from src\main\resources to target\classes
[INFO] 
[INFO] --- compiler:3.8.1:compile (default-compile) @ notification_service ---
[INFO] Changes detected - recompiling the module!
[INFO] Compiling 8 source files to C:\Code\JavaFestMain\Microservices\notification_service\target\classes
[INFO] /C:/Code/JavaFestMain/Microservices/notification_service/src/main/java/org/solace/scholar_ai/notification_service/dto/NotificationRequest.java: C:\Code\JavaFestMain\Microservices\notification_service\src\main\java\org\solace\scholar_ai\notification_service\dto\NotificationRequest.java uses or overrides a deprecated API.
[INFO] /C:/Code/JavaFestMain/Microservices/notification_service/src/main/java/org/solace/scholar_ai/notification_service/dto/NotificationRequest.java: Recompile with -Xlint:deprecation for details.
[INFO] 
[INFO] --- spotless:2.43.0:check (default) @ notification_service ---
[INFO] Index file corresponds to a different configuration of the plugin. Either the plugin version or its configuration has changed. Fallback to an empty index
[INFO] Spotless.Java is keeping 9 files clean - 0 needs changes to be clean, 9 were already clean, 0 were skipped because caching determined they were already clean
[INFO] 
[INFO] --- resources:3.3.1:testResources (default-testResources) @ notification_service ---
[INFO] skip non existing resourceDirectory C:\Code\JavaFestMain\Microservices\notification_service\src\test\resources
[INFO] 
[INFO] --- compiler:3.8.1:testCompile (default-testCompile) @ notification_service ---
[INFO] Changes detected - recompiling the module!
[INFO] Compiling 1 source file to C:\Code\JavaFestMain\Microservices\notification_service\target\test-classes
[INFO] 
[INFO] <<< spring-boot:3.5.4:run (default-cli) < test-compile @ notification_service <<<
[INFO] 
[INFO] 
[INFO] --- spring-boot:3.5.4:run (default-cli) @ notification_service ---
[INFO] Attaching agents: []

  .   ____          _            __ _ _
 /\\ / ___'_ __ _ _(_)_ __  __ _ \ \ \ \
( ( )\___ | '_ | '_| | '_ \/ _` | \ \ \ \
 \\/  ___)| |_)| | | | | || (_| |  ) ) ) )
  '  |____| .__|_| |_|_| |_\__, | / / / /
 =========|_|==============|___/=/_/_/_/

 :: Spring Boot ::                (v3.5.4)

2025-08-17T03:17:48.117+06:00  INFO 45000 --- [notification-service] [  restartedMain] o.s.s.n.NotificationServiceApplication   : Starting NotificationServiceApplication using Java 21.0.7 with PID 45000 (C:\Code\JavaFestMain\Microservices\notification_service\target\classes started by alami in C:\Code\JavaFestMain\Microservices\notification_service)
2025-08-17T03:17:48.120+06:00  INFO 45000 --- [notification-service] [  restartedMain] o.s.s.n.NotificationServiceApplication   : The following 1 profile is active: "local"
2025-08-17T03:17:48.173+06:00  INFO 45000 --- [notification-service] [  restartedMain] .e.DevToolsPropertyDefaultsPostProcessor : Devtools property defaults active! Set 'spring.devtools.add-properties' to 'false' to disable
2025-08-17T03:17:48.174+06:00  INFO 45000 --- [notification-service] [  restartedMain] .e.DevToolsPropertyDefaultsPostProcessor : For additional web related logging consider setting the 'logging.level.web' property to 'DEBUG'
2025-08-17T03:17:50.509+06:00  INFO 45000 --- [notification-service] [  restartedMain] .s.d.r.c.RepositoryConfigurationDelegate : Bootstrapping Spring Data JPA repositories in DEFAULT mode.
2025-08-17T03:17:50.548+06:00  INFO 45000 --- [notification-service] [  restartedMain] .s.d.r.c.RepositoryConfigurationDelegate : Finished Spring Data repository scanning in 23 ms. Found 0 JPA repository interfaces.
2025-08-17T03:17:50.944+06:00  INFO 45000 --- [notification-service] [  restartedMain] o.s.cloud.context.scope.GenericScope     : BeanFactory id=a1a06901-e074-3854-83e5-aa08f4833904
2025-08-17T03:17:51.758+06:00  INFO 45000 --- [notification-service] [  restartedMain] o.s.b.w.embedded.tomcat.TomcatWebServer  : Tomcat initialized with port 8082 (http)
2025-08-17T03:17:51.779+06:00  INFO 45000 --- [notification-service] [  restartedMain] o.apache.catalina.core.StandardService   : Starting service [Tomcat]
2025-08-17T03:17:51.780+06:00  INFO 45000 --- [notification-service] [  restartedMain] o.apache.catalina.core.StandardEngine    : Starting Servlet engine: [Apache Tomcat/10.1.43]
2025-08-17T03:17:51.877+06:00  INFO 45000 --- [notification-service] [  restartedMain] o.a.c.c.C.[Tomcat].[localhost].[/]       : Initializing Spring embedded WebApplicationContext
2025-08-17T03:17:51.879+06:00  INFO 45000 --- [notification-service] [  restartedMain] w.s.c.ServletWebServerApplicationContext : Root WebApplicationContext: initialization completed in 3702 ms
2025-08-17T03:17:52.193+06:00 DEBUG 45000 --- [notification-service] [  restartedMain] o.s.w.f.ServerHttpObservationFilter      : Filter 'webMvcObservationFilter' configured for use
2025-08-17T03:17:52.193+06:00 DEBUG 45000 --- [notification-service] [  restartedMain] o.s.w.s.r.ResourceUrlEncodingFilter      : Filter 'resourceUrlEncodingFilter' configured for use
2025-08-17T03:17:52.409+06:00  INFO 45000 --- [notification-service] [  restartedMain] o.hibernate.jpa.internal.util.LogHelper  : HHH000204: Processing PersistenceUnitInfo [name: default]
2025-08-17T03:17:52.540+06:00  INFO 45000 --- [notification-service] [  restartedMain] org.hibernate.Version                    : HHH000412: Hibernate ORM core version 6.6.22.Final
2025-08-17T03:17:52.621+06:00  INFO 45000 --- [notification-service] [  restartedMain] o.h.c.internal.RegionFactoryInitiator    : HHH000026: Second-level cache disabled
2025-08-17T03:17:53.131+06:00  INFO 45000 --- [notification-service] [  restartedMain] o.s.o.j.p.SpringPersistenceUnitInfo      : No LoadTimeWeaver setup: ignoring JPA class transformer
2025-08-17T03:17:53.188+06:00  INFO 45000 --- [notification-service] [  restartedMain] com.zaxxer.hikari.HikariDataSource       : HikariPool-1 - Starting...
2025-08-17T03:17:53.397+06:00  INFO 45000 --- [notification-service] [  restartedMain] com.zaxxer.hikari.pool.HikariPool        : HikariPool-1 - Added connection org.postgresql.jdbc.PgConnection@49eda2d
2025-08-17T03:17:53.400+06:00  INFO 45000 --- [notification-service] [  restartedMain] com.zaxxer.hikari.HikariDataSource       : HikariPool-1 - Start completed.
2025-08-17T03:17:53.446+06:00  WARN 45000 --- [notification-service] [  restartedMain] org.hibernate.orm.deprecation            : HHH90000025: PostgreSQLDialect does not need to be specified explicitly using 'hibernate.dialect' (remove the property setting and it will be selected by default)
2025-08-17T03:17:53.474+06:00  INFO 45000 --- [notification-service] [  restartedMain] org.hibernate.orm.connections.pooling    : HHH10001005: Database info:
	Database JDBC URL [Connecting through datasource 'HikariDataSource (HikariPool-1)']
	Database driver: undefined/unknown
	Database version: 17.5
	Autocommit mode: undefined/unknown
	Isolation level: undefined/unknown
	Minimum pool size: undefined/unknown
	Maximum pool size: undefined/unknown
2025-08-17T03:17:53.953+06:00  INFO 45000 --- [notification-service] [  restartedMain] o.h.e.t.j.p.i.JtaPlatformInitiator       : HHH000489: No JTA platform available (set 'hibernate.transaction.jta.platform' to enable JTA platform integration)
2025-08-17T03:17:53.961+06:00  INFO 45000 --- [notification-service] [  restartedMain] j.LocalContainerEntityManagerFactoryBean : Initialized JPA EntityManagerFactory for persistence unit 'default'
2025-08-17T03:17:53.992+06:00  INFO 45000 --- [notification-service] [  restartedMain] o.s.s.n.config.MailConfig                : Configuring JavaMailSender with host: smtp.gmail.com, port: 587, username: scholarai.official@gmail.com
2025-08-17T03:17:54.007+06:00  INFO 45000 --- [notification-service] [  restartedMain] o.s.s.n.config.MailConfig                : JavaMailSender configured successfully
2025-08-17T03:17:54.616+06:00  WARN 45000 --- [notification-service] [  restartedMain] JpaBaseConfiguration$JpaWebConfiguration : spring.jpa.open-in-view is enabled by default. Therefore, database queries may be performed during view rendering. Explicitly configure spring.jpa.open-in-view to disable this warning
2025-08-17T03:17:54.839+06:00 DEBUG 45000 --- [notification-service] [  restartedMain] s.w.s.m.m.a.RequestMappingHandlerMapping : 8 mappings in 'requestMappingHandlerMapping'
2025-08-17T03:17:55.191+06:00 DEBUG 45000 --- [notification-service] [  restartedMain] o.s.w.s.handler.SimpleUrlHandlerMapping  : Patterns [/webjars/**, /**, /swagger-ui*/*swagger-initializer.js, /swagger-ui*/**] in 'resourceHandlerMapping'
2025-08-17T03:17:55.299+06:00 DEBUG 45000 --- [notification-service] [  restartedMain] s.w.s.m.m.a.RequestMappingHandlerAdapter : ControllerAdvice beans: 0 @ModelAttribute, 0 @InitBinder, 1 RequestBodyAdvice, 1 ResponseBodyAdvice
2025-08-17T03:17:55.426+06:00 DEBUG 45000 --- [notification-service] [  restartedMain] .m.m.a.ExceptionHandlerExceptionResolver : ControllerAdvice beans: 1 @ExceptionHandler, 1 ResponseBodyAdvice
2025-08-17T03:17:56.985+06:00  INFO 45000 --- [notification-service] [  restartedMain] o.s.cloud.commons.util.InetUtils         : Cannot determine local hostname
2025-08-17T03:17:57.733+06:00  INFO 45000 --- [notification-service] [  restartedMain] o.s.b.d.a.OptionalLiveReloadServer       : LiveReload server is running on port 35729
2025-08-17T03:17:58.755+06:00  INFO 45000 --- [notification-service] [  restartedMain] o.s.cloud.commons.util.InetUtils         : Cannot determine local hostname
2025-08-17T03:17:58.865+06:00  WARN 45000 --- [notification-service] [  restartedMain] iguration$LoadBalancerCaffeineWarnLogger : Spring Cloud LoadBalancer is currently working with the default cache. While this cache implementation is useful for development and tests, it's recommended to use Caffeine cache in production.You can switch to using Caffeine cache, by adding it and org.springframework.cache.caffeine.CaffeineCacheManager to the classpath.
2025-08-17T03:17:58.875+06:00  INFO 45000 --- [notification-service] [  restartedMain] o.s.b.a.e.web.EndpointLinksResolver      : Exposing 3 endpoints beneath base path '/actuator'
2025-08-17T03:17:59.343+06:00 DEBUG 45000 --- [notification-service] [  restartedMain] o.s.web.client.RestTemplate              : HTTP GET http://localhost:8761/eureka/apps/
2025-08-17T03:17:59.556+06:00 DEBUG 45000 --- [notification-service] [  restartedMain] o.s.web.client.RestTemplate              : Accept=[application/json, application/yaml, application/*+json]
2025-08-17T03:17:59.626+06:00 DEBUG 45000 --- [notification-service] [  restartedMain] o.s.web.client.RestTemplate              : Response 200 OK
2025-08-17T03:17:59.630+06:00 DEBUG 45000 --- [notification-service] [  restartedMain] o.s.web.client.RestTemplate              : Reading to [org.springframework.cloud.netflix.eureka.http.EurekaApplications]
2025-08-17T03:17:59.692+06:00 DEBUG 45000 --- [notification-service] [foReplicator-%d] o.s.web.client.RestTemplate              : HTTP POST http://localhost:8761/eureka/apps/NOTIFICATION-SERVICE
2025-08-17T03:17:59.695+06:00 DEBUG 45000 --- [notification-service] [foReplicator-%d] o.s.web.client.RestTemplate              : Accept=[application/json, application/yaml, application/*+json]
2025-08-17T03:17:59.711+06:00  INFO 45000 --- [notification-service] [  restartedMain] o.s.b.w.embedded.tomcat.TomcatWebServer  : Tomcat started on port 8082 (http) with context path '/'
2025-08-17T03:17:59.721+06:00 DEBUG 45000 --- [notification-service] [foReplicator-%d] o.s.web.client.RestTemplate              : Writing [InstanceInfo [instanceId = localhost:notification-service:8082, appName = NOTIFICATION-SERVICE, hostName = localhost, status = UP, ipAddr = 192.168.56.1, port = 8082, securePort = 443, dataCenterInfo = com.netflix.appinfo.MyDataCenterInfo@6be6a97c] as "application/json"
2025-08-17T03:17:59.761+06:00 DEBUG 45000 --- [notification-service] [foReplicator-%d] o.s.web.client.RestTemplate              : Response 204 NO_CONTENT
2025-08-17T03:18:00.728+06:00  INFO 45000 --- [notification-service] [  restartedMain] o.s.cloud.commons.util.InetUtils         : Cannot determine local hostname
2025-08-17T03:18:00.732+06:00  INFO 45000 --- [notification-service] [  restartedMain] o.s.a.r.c.CachingConnectionFactory       : Attempting to connect to: [localhost:5672]
2025-08-17T03:18:00.815+06:00  INFO 45000 --- [notification-service] [  restartedMain] o.s.a.r.c.CachingConnectionFactory       : Created new connection: rabbitConnectionFactory#3fe8779:0/SimpleConnection@490419d4 [delegate=amqp://scholar@127.0.0.1:5672/, localPort=10787]
2025-08-17T03:18:00.927+06:00  INFO 45000 --- [notification-service] [  restartedMain] o.s.s.n.NotificationServiceApplication   : Started NotificationServiceApplication in 14.426 seconds (process running for 15.415)
2025-08-17T03:18:29.676+06:00 DEBUG 45000 --- [notification-service] [reshExecutor-%d] o.s.web.client.RestTemplate              : HTTP GET http://localhost:8761/eureka/apps/
2025-08-17T03:18:29.677+06:00 DEBUG 45000 --- [notification-service] [reshExecutor-%d] o.s.web.client.RestTemplate              : Accept=[application/json, application/yaml, application/*+json]
2025-08-17T03:18:29.678+06:00 DEBUG 45000 --- [notification-service] [beatExecutor-%d] o.s.web.client.RestTemplate              : HTTP PUT http://localhost:8761/eureka/apps/NOTIFICATION-SERVICE/localhost:notification-service:8082?status=UP&lastDirtyTimestamp=1755379079680
2025-08-17T03:18:29.685+06:00 DEBUG 45000 --- [notification-service] [beatExecutor-%d] o.s.web.client.RestTemplate              : Accept=[application/json, application/yaml, application/*+json]
2025-08-17T03:18:29.696+06:00 DEBUG 45000 --- [notification-service] [reshExecutor-%d] o.s.web.client.RestTemplate              : Response 200 OK
2025-08-17T03:18:29.697+06:00 DEBUG 45000 --- [notification-service] [reshExecutor-%d] o.s.web.client.RestTemplate              : Reading to [org.springframework.cloud.netflix.eureka.http.EurekaApplications]
2025-08-17T03:18:29.698+06:00 DEBUG 45000 --- [notification-service] [beatExecutor-%d] o.s.web.client.RestTemplate              : Response 200 OK
2025-08-17T03:18:59.713+06:00 DEBUG 45000 --- [notification-service] [beatExecutor-%d] o.s.web.client.RestTemplate              : HTTP PUT http://localhost:8761/eureka/apps/NOTIFICATION-SERVICE/localhost:notification-service:8082?status=UP&lastDirtyTimestamp=1755379079680
2025-08-17T03:18:59.713+06:00 DEBUG 45000 --- [notification-service] [beatExecutor-%d] o.s.web.client.RestTemplate              : Accept=[application/json, application/yaml, application/*+json]
2025-08-17T03:18:59.728+06:00 DEBUG 45000 --- [notification-service] [reshExecutor-%d] o.s.web.client.RestTemplate              : HTTP GET http://localhost:8761/eureka/apps/delta
2025-08-17T03:18:59.729+06:00 DEBUG 45000 --- [notification-service] [reshExecutor-%d] o.s.web.client.RestTemplate              : Accept=[application/json, application/yaml, application/*+json]
2025-08-17T03:18:59.731+06:00 DEBUG 45000 --- [notification-service] [beatExecutor-%d] o.s.web.client.RestTemplate              : Response 200 OK
2025-08-17T03:18:59.747+06:00 DEBUG 45000 --- [notification-service] [reshExecutor-%d] o.s.web.client.RestTemplate              : Response 200 OK
2025-08-17T03:18:59.748+06:00 DEBUG 45000 --- [notification-service] [reshExecutor-%d] o.s.web.client.RestTemplate              : Reading to [org.springframework.cloud.netflix.eureka.http.EurekaApplications]
2025-08-17T03:19:29.745+06:00 DEBUG 45000 --- [notification-service] [beatExecutor-%d] o.s.web.client.RestTemplate              : HTTP PUT http://localhost:8761/eureka/apps/NOTIFICATION-SERVICE/localhost:notification-service:8082?status=UP&lastDirtyTimestamp=1755379079680
2025-08-17T03:19:29.745+06:00 DEBUG 45000 --- [notification-service] [beatExecutor-%d] o.s.web.client.RestTemplate              : Accept=[application/json, application/yaml, application/*+json]
2025-08-17T03:19:29.760+06:00 DEBUG 45000 --- [notification-service] [reshExecutor-%d] o.s.web.client.RestTemplate              : HTTP GET http://localhost:8761/eureka/apps/delta
2025-08-17T03:19:29.761+06:00 DEBUG 45000 --- [notification-service] [reshExecutor-%d] o.s.web.client.RestTemplate              : Accept=[application/json, application/yaml, application/*+json]
2025-08-17T03:19:29.764+06:00 DEBUG 45000 --- [notification-service] [beatExecutor-%d] o.s.web.client.RestTemplate              : Response 200 OK
2025-08-17T03:19:29.779+06:00 DEBUG 45000 --- [notification-service] [reshExecutor-%d] o.s.web.client.RestTemplate              : Response 200 OK
2025-08-17T03:19:29.779+06:00 DEBUG 45000 --- [notification-service] [reshExecutor-%d] o.s.web.client.RestTemplate              : Reading to [org.springframework.cloud.netflix.eureka.http.EurekaApplications]
2025-08-17T03:19:59.778+06:00 DEBUG 45000 --- [notification-service] [beatExecutor-%d] o.s.web.client.RestTemplate              : HTTP PUT http://localhost:8761/eureka/apps/NOTIFICATION-SERVICE/localhost:notification-service:8082?status=UP&lastDirtyTimestamp=1755379079680
2025-08-17T03:19:59.779+06:00 DEBUG 45000 --- [notification-service] [beatExecutor-%d] o.s.web.client.RestTemplate              : Accept=[application/json, application/yaml, application/*+json]
2025-08-17T03:19:59.793+06:00 DEBUG 45000 --- [notification-service] [reshExecutor-%d] o.s.web.client.RestTemplate              : HTTP GET http://localhost:8761/eureka/apps/delta
2025-08-17T03:19:59.793+06:00 DEBUG 45000 --- [notification-service] [reshExecutor-%d] o.s.web.client.RestTemplate              : Accept=[application/json, application/yaml, application/*+json]
2025-08-17T03:19:59.795+06:00 DEBUG 45000 --- [notification-service] [beatExecutor-%d] o.s.web.client.RestTemplate              : Response 200 OK
2025-08-17T03:19:59.811+06:00 DEBUG 45000 --- [notification-service] [reshExecutor-%d] o.s.web.client.RestTemplate              : Response 200 OK
2025-08-17T03:19:59.811+06:00 DEBUG 45000 --- [notification-service] [reshExecutor-%d] o.s.web.client.RestTemplate              : Reading to [org.springframework.cloud.netflix.eureka.http.EurekaApplications]
2025-08-17T03:20:29.808+06:00 DEBUG 45000 --- [notification-service] [beatExecutor-%d] o.s.web.client.RestTemplate              : HTTP PUT http://localhost:8761/eureka/apps/NOTIFICATION-SERVICE/localhost:notification-service:8082?status=UP&lastDirtyTimestamp=1755379079680
2025-08-17T03:20:29.810+06:00 DEBUG 45000 --- [notification-service] [beatExecutor-%d] o.s.web.client.RestTemplate              : Accept=[application/json, application/yaml, application/*+json]
2025-08-17T03:20:29.823+06:00 DEBUG 45000 --- [notification-service] [reshExecutor-%d] o.s.web.client.RestTemplate              : HTTP GET http://localhost:8761/eureka/apps/delta
2025-08-17T03:20:29.824+06:00 DEBUG 45000 --- [notification-service] [reshExecutor-%d] o.s.web.client.RestTemplate              : Accept=[application/json, application/yaml, application/*+json]
2025-08-17T03:20:29.828+06:00 DEBUG 45000 --- [notification-service] [beatExecutor-%d] o.s.web.client.RestTemplate              : Response 200 OK
2025-08-17T03:20:29.843+06:00 DEBUG 45000 --- [notification-service] [reshExecutor-%d] o.s.web.client.RestTemplate              : Response 200 OK
2025-08-17T03:20:29.843+06:00 DEBUG 45000 --- [notification-service] [reshExecutor-%d] o.s.web.client.RestTemplate              : Reading to [org.springframework.cloud.netflix.eureka.http.EurekaApplications]
2025-08-17T03:20:59.837+06:00 DEBUG 45000 --- [notification-service] [beatExecutor-%d] o.s.web.client.RestTemplate              : HTTP PUT http://localhost:8761/eureka/apps/NOTIFICATION-SERVICE/localhost:notification-service:8082?status=UP&lastDirtyTimestamp=1755379079680
2025-08-17T03:20:59.838+06:00 DEBUG 45000 --- [notification-service] [beatExecutor-%d] o.s.web.client.RestTemplate              : Accept=[application/json, application/yaml, application/*+json]
2025-08-17T03:20:59.852+06:00 DEBUG 45000 --- [notification-service] [reshExecutor-%d] o.s.web.client.RestTemplate              : HTTP GET http://localhost:8761/eureka/apps/delta
2025-08-17T03:20:59.853+06:00 DEBUG 45000 --- [notification-service] [reshExecutor-%d] o.s.web.client.RestTemplate              : Accept=[application/json, application/yaml, application/*+json]
2025-08-17T03:20:59.856+06:00 DEBUG 45000 --- [notification-service] [beatExecutor-%d] o.s.web.client.RestTemplate              : Response 200 OK
2025-08-17T03:20:59.870+06:00 DEBUG 45000 --- [notification-service] [reshExecutor-%d] o.s.web.client.RestTemplate              : Response 200 OK
2025-08-17T03:20:59.871+06:00 DEBUG 45000 --- [notification-service] [reshExecutor-%d] o.s.web.client.RestTemplate              : Reading to [org.springframework.cloud.netflix.eureka.http.EurekaApplications]
2025-08-17T03:21:29.867+06:00 DEBUG 45000 --- [notification-service] [beatExecutor-%d] o.s.web.client.RestTemplate              : HTTP PUT http://localhost:8761/eureka/apps/NOTIFICATION-SERVICE/localhost:notification-service:8082?status=UP&lastDirtyTimestamp=1755379079680
2025-08-17T03:21:29.867+06:00 DEBUG 45000 --- [notification-service] [beatExecutor-%d] o.s.web.client.RestTemplate              : Accept=[application/json, application/yaml, application/*+json]
2025-08-17T03:21:29.882+06:00 DEBUG 45000 --- [notification-service] [reshExecutor-%d] o.s.web.client.RestTemplate              : HTTP GET http://localhost:8761/eureka/apps/delta
2025-08-17T03:21:29.882+06:00 DEBUG 45000 --- [notification-service] [reshExecutor-%d] o.s.web.client.RestTemplate              : Accept=[application/json, application/yaml, application/*+json]
2025-08-17T03:21:29.886+06:00 DEBUG 45000 --- [notification-service] [beatExecutor-%d] o.s.web.client.RestTemplate              : Response 200 OK
2025-08-17T03:21:29.900+06:00 DEBUG 45000 --- [notification-service] [reshExecutor-%d] o.s.web.client.RestTemplate              : Response 200 OK
2025-08-17T03:21:29.901+06:00 DEBUG 45000 --- [notification-service] [reshExecutor-%d] o.s.web.client.RestTemplate              : Reading to [org.springframework.cloud.netflix.eureka.http.EurekaApplications]
2025-08-17T03:21:59.894+06:00 DEBUG 45000 --- [notification-service] [beatExecutor-%d] o.s.web.client.RestTemplate              : HTTP PUT http://localhost:8761/eureka/apps/NOTIFICATION-SERVICE/localhost:notification-service:8082?status=UP&lastDirtyTimestamp=1755379079680
2025-08-17T03:21:59.895+06:00 DEBUG 45000 --- [notification-service] [beatExecutor-%d] o.s.web.client.RestTemplate              : Accept=[application/json, application/yaml, application/*+json]
2025-08-17T03:21:59.910+06:00 DEBUG 45000 --- [notification-service] [reshExecutor-%d] o.s.web.client.RestTemplate              : HTTP GET http://localhost:8761/eureka/apps/delta
2025-08-17T03:21:59.910+06:00 DEBUG 45000 --- [notification-service] [reshExecutor-%d] o.s.web.client.RestTemplate              : Accept=[application/json, application/yaml, application/*+json]
2025-08-17T03:21:59.915+06:00 DEBUG 45000 --- [notification-service] [beatExecutor-%d] o.s.web.client.RestTemplate              : Response 200 OK
2025-08-17T03:21:59.930+06:00 DEBUG 45000 --- [notification-service] [reshExecutor-%d] o.s.web.client.RestTemplate              : Response 200 OK
2025-08-17T03:21:59.930+06:00 DEBUG 45000 --- [notification-service] [reshExecutor-%d] o.s.web.client.RestTemplate              : Reading to [org.springframework.cloud.netflix.eureka.http.EurekaApplications]
2025-08-17T03:22:29.922+06:00 DEBUG 45000 --- [notification-service] [beatExecutor-%d] o.s.web.client.RestTemplate              : HTTP PUT http://localhost:8761/eureka/apps/NOTIFICATION-SERVICE/localhost:notification-service:8082?status=UP&lastDirtyTimestamp=1755379079680
2025-08-17T03:22:29.923+06:00 DEBUG 45000 --- [notification-service] [beatExecutor-%d] o.s.web.client.RestTemplate              : Accept=[application/json, application/yaml, application/*+json]
2025-08-17T03:22:29.937+06:00 DEBUG 45000 --- [notification-service] [reshExecutor-%d] o.s.web.client.RestTemplate              : HTTP GET http://localhost:8761/eureka/apps/delta
2025-08-17T03:22:29.937+06:00 DEBUG 45000 --- [notification-service] [reshExecutor-%d] o.s.web.client.RestTemplate              : Accept=[application/json, application/yaml, application/*+json]
2025-08-17T03:22:29.939+06:00 DEBUG 45000 --- [notification-service] [beatExecutor-%d] o.s.web.client.RestTemplate              : Response 200 OK
2025-08-17T03:22:29.956+06:00 DEBUG 45000 --- [notification-service] [reshExecutor-%d] o.s.web.client.RestTemplate              : Response 200 OK
2025-08-17T03:22:29.956+06:00 DEBUG 45000 --- [notification-service] [reshExecutor-%d] o.s.web.client.RestTemplate              : Reading to [org.springframework.cloud.netflix.eureka.http.EurekaApplications]
2025-08-17T03:22:59.954+06:00 DEBUG 45000 --- [notification-service] [beatExecutor-%d] o.s.web.client.RestTemplate              : HTTP PUT http://localhost:8761/eureka/apps/NOTIFICATION-SERVICE/localhost:notification-service:8082?status=UP&lastDirtyTimestamp=1755379079680
2025-08-17T03:22:59.955+06:00 DEBUG 45000 --- [notification-service] [beatExecutor-%d] o.s.web.client.RestTemplate              : Accept=[application/json, application/yaml, application/*+json]
2025-08-17T03:22:59.973+06:00 DEBUG 45000 --- [notification-service] [reshExecutor-%d] o.s.web.client.RestTemplate              : HTTP GET http://localhost:8761/eureka/apps/delta
2025-08-17T03:22:59.974+06:00 DEBUG 45000 --- [notification-service] [reshExecutor-%d] o.s.web.client.RestTemplate              : Accept=[application/json, application/yaml, application/*+json]
2025-08-17T03:22:59.975+06:00 DEBUG 45000 --- [notification-service] [beatExecutor-%d] o.s.web.client.RestTemplate              : Response 200 OK
2025-08-17T03:22:59.988+06:00 DEBUG 45000 --- [notification-service] [reshExecutor-%d] o.s.web.client.RestTemplate              : Response 200 OK
2025-08-17T03:22:59.989+06:00 DEBUG 45000 --- [notification-service] [reshExecutor-%d] o.s.web.client.RestTemplate              : Reading to [org.springframework.cloud.netflix.eureka.http.EurekaApplications]
2025-08-17T03:23:29.979+06:00 DEBUG 45000 --- [notification-service] [beatExecutor-%d] o.s.web.client.RestTemplate              : HTTP PUT http://localhost:8761/eureka/apps/NOTIFICATION-SERVICE/localhost:notification-service:8082?status=UP&lastDirtyTimestamp=1755379079680
2025-08-17T03:23:29.979+06:00 DEBUG 45000 --- [notification-service] [beatExecutor-%d] o.s.web.client.RestTemplate              : Accept=[application/json, application/yaml, application/*+json]
2025-08-17T03:23:29.994+06:00 DEBUG 45000 --- [notification-service] [reshExecutor-%d] o.s.web.client.RestTemplate              : HTTP GET http://localhost:8761/eureka/apps/delta
2025-08-17T03:23:29.994+06:00 DEBUG 45000 --- [notification-service] [reshExecutor-%d] o.s.web.client.RestTemplate              : Accept=[application/json, application/yaml, application/*+json]
2025-08-17T03:23:29.997+06:00 DEBUG 45000 --- [notification-service] [beatExecutor-%d] o.s.web.client.RestTemplate              : Response 200 OK
2025-08-17T03:23:30.011+06:00 DEBUG 45000 --- [notification-service] [reshExecutor-%d] o.s.web.client.RestTemplate              : Response 200 OK
2025-08-17T03:23:30.012+06:00 DEBUG 45000 --- [notification-service] [reshExecutor-%d] o.s.web.client.RestTemplate              : Reading to [org.springframework.cloud.netflix.eureka.http.EurekaApplications]
2025-08-17T03:24:00.006+06:00 DEBUG 45000 --- [notification-service] [beatExecutor-%d] o.s.web.client.RestTemplate              : HTTP PUT http://localhost:8761/eureka/apps/NOTIFICATION-SERVICE/localhost:notification-service:8082?status=UP&lastDirtyTimestamp=1755379079680
2025-08-17T03:24:00.008+06:00 DEBUG 45000 --- [notification-service] [beatExecutor-%d] o.s.web.client.RestTemplate              : Accept=[application/json, application/yaml, application/*+json]
2025-08-17T03:24:00.022+06:00 DEBUG 45000 --- [notification-service] [reshExecutor-%d] o.s.web.client.RestTemplate              : HTTP GET http://localhost:8761/eureka/apps/delta
2025-08-17T03:24:00.023+06:00 DEBUG 45000 --- [notification-service] [reshExecutor-%d] o.s.web.client.RestTemplate              : Accept=[application/json, application/yaml, application/*+json]
2025-08-17T03:24:00.027+06:00 DEBUG 45000 --- [notification-service] [beatExecutor-%d] o.s.web.client.RestTemplate              : Response 200 OK
2025-08-17T03:24:00.044+06:00 DEBUG 45000 --- [notification-service] [reshExecutor-%d] o.s.web.client.RestTemplate              : Response 200 OK
2025-08-17T03:24:00.045+06:00 DEBUG 45000 --- [notification-service] [reshExecutor-%d] o.s.web.client.RestTemplate              : Reading to [org.springframework.cloud.netflix.eureka.http.EurekaApplications]
2025-08-17T03:24:30.029+06:00 DEBUG 45000 --- [notification-service] [beatExecutor-%d] o.s.web.client.RestTemplate              : HTTP PUT http://localhost:8761/eureka/apps/NOTIFICATION-SERVICE/localhost:notification-service:8082?status=UP&lastDirtyTimestamp=1755379079680
2025-08-17T03:24:30.030+06:00 DEBUG 45000 --- [notification-service] [beatExecutor-%d] o.s.web.client.RestTemplate              : Accept=[application/json, application/yaml, application/*+json]
2025-08-17T03:24:30.049+06:00 DEBUG 45000 --- [notification-service] [beatExecutor-%d] o.s.web.client.RestTemplate              : Response 200 OK
2025-08-17T03:24:30.050+06:00 DEBUG 45000 --- [notification-service] [reshExecutor-%d] o.s.web.client.RestTemplate              : HTTP GET http://localhost:8761/eureka/apps/delta
2025-08-17T03:24:30.050+06:00 DEBUG 45000 --- [notification-service] [reshExecutor-%d] o.s.web.client.RestTemplate              : Accept=[application/json, application/yaml, application/*+json]
2025-08-17T03:24:30.063+06:00 DEBUG 45000 --- [notification-service] [reshExecutor-%d] o.s.web.client.RestTemplate              : Response 200 OK
2025-08-17T03:24:30.063+06:00 DEBUG 45000 --- [notification-service] [reshExecutor-%d] o.s.web.client.RestTemplate              : Reading to [org.springframework.cloud.netflix.eureka.http.EurekaApplications]
2025-08-17T03:25:00.053+06:00 DEBUG 45000 --- [notification-service] [beatExecutor-%d] o.s.web.client.RestTemplate              : HTTP PUT http://localhost:8761/eureka/apps/NOTIFICATION-SERVICE/localhost:notification-service:8082?status=UP&lastDirtyTimestamp=1755379079680
2025-08-17T03:25:00.053+06:00 DEBUG 45000 --- [notification-service] [beatExecutor-%d] o.s.web.client.RestTemplate              : Accept=[application/json, application/yaml, application/*+json]
2025-08-17T03:25:00.069+06:00 DEBUG 45000 --- [notification-service] [reshExecutor-%d] o.s.web.client.RestTemplate              : HTTP GET http://localhost:8761/eureka/apps/delta
2025-08-17T03:25:00.070+06:00 DEBUG 45000 --- [notification-service] [reshExecutor-%d] o.s.web.client.RestTemplate              : Accept=[application/json, application/yaml, application/*+json]
2025-08-17T03:25:00.071+06:00 DEBUG 45000 --- [notification-service] [beatExecutor-%d] o.s.web.client.RestTemplate              : Response 200 OK
2025-08-17T03:25:00.085+06:00 DEBUG 45000 --- [notification-service] [reshExecutor-%d] o.s.web.client.RestTemplate              : Response 200 OK
2025-08-17T03:25:00.086+06:00 DEBUG 45000 --- [notification-service] [reshExecutor-%d] o.s.web.client.RestTemplate              : Reading to [org.springframework.cloud.netflix.eureka.http.EurekaApplications]
2025-08-17T03:25:30.082+06:00 DEBUG 45000 --- [notification-service] [beatExecutor-%d] o.s.web.client.RestTemplate              : HTTP PUT http://localhost:8761/eureka/apps/NOTIFICATION-SERVICE/localhost:notification-service:8082?status=UP&lastDirtyTimestamp=1755379079680
2025-08-17T03:25:30.083+06:00 DEBUG 45000 --- [notification-service] [beatExecutor-%d] o.s.web.client.RestTemplate              : Accept=[application/json, application/yaml, application/*+json]
2025-08-17T03:25:30.097+06:00 DEBUG 45000 --- [notification-service] [reshExecutor-%d] o.s.web.client.RestTemplate              : HTTP GET http://localhost:8761/eureka/apps/delta
2025-08-17T03:25:30.097+06:00 DEBUG 45000 --- [notification-service] [reshExecutor-%d] o.s.web.client.RestTemplate              : Accept=[application/json, application/yaml, application/*+json]
2025-08-17T03:25:30.099+06:00 DEBUG 45000 --- [notification-service] [beatExecutor-%d] o.s.web.client.RestTemplate              : Response 200 OK
2025-08-17T03:25:30.115+06:00 DEBUG 45000 --- [notification-service] [reshExecutor-%d] o.s.web.client.RestTemplate              : Response 200 OK
2025-08-17T03:25:30.115+06:00 DEBUG 45000 --- [notification-service] [reshExecutor-%d] o.s.web.client.RestTemplate              : Reading to [org.springframework.cloud.netflix.eureka.http.EurekaApplications]
2025-08-17T03:26:00.107+06:00 DEBUG 45000 --- [notification-service] [beatExecutor-%d] o.s.web.client.RestTemplate              : HTTP PUT http://localhost:8761/eureka/apps/NOTIFICATION-SERVICE/localhost:notification-service:8082?status=UP&lastDirtyTimestamp=1755379079680
2025-08-17T03:26:00.107+06:00 DEBUG 45000 --- [notification-service] [beatExecutor-%d] o.s.web.client.RestTemplate              : Accept=[application/json, application/yaml, application/*+json]
2025-08-17T03:26:00.123+06:00 DEBUG 45000 --- [notification-service] [reshExecutor-%d] o.s.web.client.RestTemplate              : HTTP GET http://localhost:8761/eureka/apps/delta
2025-08-17T03:26:00.123+06:00 DEBUG 45000 --- [notification-service] [reshExecutor-%d] o.s.web.client.RestTemplate              : Accept=[application/json, application/yaml, application/*+json]
2025-08-17T03:26:00.126+06:00 DEBUG 45000 --- [notification-service] [beatExecutor-%d] o.s.web.client.RestTemplate              : Response 200 OK
2025-08-17T03:26:00.141+06:00 DEBUG 45000 --- [notification-service] [reshExecutor-%d] o.s.web.client.RestTemplate              : Response 200 OK
2025-08-17T03:26:00.141+06:00 DEBUG 45000 --- [notification-service] [reshExecutor-%d] o.s.web.client.RestTemplate              : Reading to [org.springframework.cloud.netflix.eureka.http.EurekaApplications]
2025-08-17T03:26:30.135+06:00 DEBUG 45000 --- [notification-service] [beatExecutor-%d] o.s.web.client.RestTemplate              : HTTP PUT http://localhost:8761/eureka/apps/NOTIFICATION-SERVICE/localhost:notification-service:8082?status=UP&lastDirtyTimestamp=1755379079680
2025-08-17T03:26:30.136+06:00 DEBUG 45000 --- [notification-service] [beatExecutor-%d] o.s.web.client.RestTemplate              : Accept=[application/json, application/yaml, application/*+json]
2025-08-17T03:26:30.151+06:00 DEBUG 45000 --- [notification-service] [reshExecutor-%d] o.s.web.client.RestTemplate              : HTTP GET http://localhost:8761/eureka/apps/delta
2025-08-17T03:26:30.151+06:00 DEBUG 45000 --- [notification-service] [reshExecutor-%d] o.s.web.client.RestTemplate              : Accept=[application/json, application/yaml, application/*+json]
2025-08-17T03:26:30.154+06:00 DEBUG 45000 --- [notification-service] [beatExecutor-%d] o.s.web.client.RestTemplate              : Response 200 OK
2025-08-17T03:26:30.167+06:00 DEBUG 45000 --- [notification-service] [reshExecutor-%d] o.s.web.client.RestTemplate              : Response 200 OK
2025-08-17T03:26:30.168+06:00 DEBUG 45000 --- [notification-service] [reshExecutor-%d] o.s.web.client.RestTemplate              : Reading to [org.springframework.cloud.netflix.eureka.http.EurekaApplications]
2025-08-17T03:27:00.156+06:00 DEBUG 45000 --- [notification-service] [beatExecutor-%d] o.s.web.client.RestTemplate              : HTTP PUT http://localhost:8761/eureka/apps/NOTIFICATION-SERVICE/localhost:notification-service:8082?status=UP&lastDirtyTimestamp=1755379079680
2025-08-17T03:27:00.157+06:00 DEBUG 45000 --- [notification-service] [beatExecutor-%d] o.s.web.client.RestTemplate              : Accept=[application/json, application/yaml, application/*+json]
2025-08-17T03:27:00.171+06:00 DEBUG 45000 --- [notification-service] [reshExecutor-%d] o.s.web.client.RestTemplate              : HTTP GET http://localhost:8761/eureka/apps/delta
2025-08-17T03:27:00.172+06:00 DEBUG 45000 --- [notification-service] [reshExecutor-%d] o.s.web.client.RestTemplate              : Accept=[application/json, application/yaml, application/*+json]
2025-08-17T03:27:00.175+06:00 DEBUG 45000 --- [notification-service] [beatExecutor-%d] o.s.web.client.RestTemplate              : Response 200 OK
2025-08-17T03:27:00.189+06:00 DEBUG 45000 --- [notification-service] [reshExecutor-%d] o.s.web.client.RestTemplate              : Response 200 OK
2025-08-17T03:27:00.189+06:00 DEBUG 45000 --- [notification-service] [reshExecutor-%d] o.s.web.client.RestTemplate              : Reading to [org.springframework.cloud.netflix.eureka.http.EurekaApplications]
